This file contains any messages produced by compilers while
running configure, to aid debugging if configure makes a mistake.

configure:716: checking whether make sets ${MAKE}
configure:751: checking for gcc
configure:864: checking whether the C compiler (gcc -O  ) works
configure:880: gcc -O -o conftest    conftest.c  1>&5
configure:877:1: warning: return type defaults to 'int' [-Wimplicit-int]
  877 | main(){return(0);}
      | ^~~~
configure:906: checking whether the C compiler (gcc -O  ) is a cross-compiler
configure:911: checking whether we are using GNU C
configure:939: checking whether gcc -O accepts -g
configure:971: checking how to run the C preprocessor
configure:1052: checking whether gcc -O needs -traditional
configure:1109: checking for a BSD compatible install
configure:1170: checking host system type
configure:1193: checking for AIX
configure:1218: checking for minix/config.h
configure:1266: checking for POSIXized ISC
configure:1289: checking for object suffix
configure:1313: checking for Cygwin environment
configure:1346: checking for mingw32 environment
configure:1377: checking for executable suffix
configure:1479: checking build system type
configure:1508: checking for ld used by GCC
configure:1576: checking if the linker (/usr/bin/ld) is GNU ld
configure:1593: checking for /usr/bin/ld option to reload object files
configure:1605: checking for BSD-compatible nm
configure:1643: checking whether ln -s works
configure:1664: checking how to recognise dependant libraries
configure:1847: checking command to parse /usr/bin/nm -B output
configure:2023: checking for dlfcn.h
configure:2068: checking for file
configure:2201: checking for ranlib
configure:2268: checking for strip
configure:2504: checking for objdir
configure:2531: checking for gcc option to produce PIC
configure:2683: checking if gcc PIC flag  -fPIC works
configure:2749: checking if gcc static flag -static works
configure:2791: checking if gcc supports -c -o file.o
configure:2839: checking if gcc supports -c -o file.lo
configure:2904: checking if gcc supports -fno-rtti -fno-exceptions
configure:2917: gcc -O -c -g -O2 -fno-rtti -fno-exceptions -c conftest.c  conftest.c 1>&5
cc1: warning: command-line option '-fno-rtti' is valid for C++/D/ObjC++ but not for C
cc1: warning: command-line option '-fno-rtti' is valid for C++/D/ObjC++ but not for C
configure:2944: checking whether the linker (/usr/bin/ld) supports shared libraries
configure:3560: checking how to hardcode library paths into programs
configure:3588: checking whether stripping libraries is possible
configure:3602: checking dynamic linker characteristics
configure:3988: checking if libtool supports shared libraries
configure:4481: checking whether -lc should be explicitly linked in
configure:5085: checking for langinfo.h
configure:5095: gcc -O -E -w  conftest.c >/dev/null 2>conftest.out
configure:5124: checking for nl_langinfo
configure:5152: gcc -O -o conftest -g -O2   conftest.c  1>&5
configure:5178: checking for nl_langinfo and CODESET
configure:5190: gcc -O -o conftest -g -O2   conftest.c  1>&5
configure:5213: checking whether we are using the GNU C Library 2.1 or newer
configure:5252: checking for stddef.h
configure:5262: gcc -O -E -w  conftest.c >/dev/null 2>conftest.out
configure:5252: checking for stdlib.h
configure:5252: checking for string.h
configure:5262: gcc -O -E -w  conftest.c >/dev/null 2>conftest.out
configure:5291: checking for setlocale
