This file contains any messages produced by compilers while
running configure, to aid debugging if configure makes a mistake.

configure:718: checking whether make sets $(MAKE)
configure:749: checking for gcc
configure:862: checking whether the C compiler (gcc  ) works
configure:878: gcc -o conftest    conftest.c  1>&5
configure:904: checking whether the C compiler (gcc  ) is a cross-compiler
configure:909: checking whether we are using GNU C
configure:918: gcc -E conftest.c
configure:953: checking how to run the C preprocessor
configure:979: gcc -O -E -w  conftest.c >/dev/null 2>conftest.out
configure:1050: checking whether -traditional is needed for gcc -O on this system
configure:1128: checking for ranlib
configure:1166: checking for a BSD compatible install
configure:1219: checking how to copy files
configure:1238: checking how to make hard links
configure:1257: checking whether ln -s works
configure:1284: checking host system type
configure:1322: checking for AIX
configure:1357: checking for minix/config.h
configure:1367: gcc -O -E -w  conftest.c >/dev/null 2>conftest.out
configure:1363:10: fatal error: minix/config.h: No such file or directory
 1363 | #include <minix/config.h>
      |          ^~~~~~~~~~~~~~~~
compilation terminated.
configure: failed program was:
#line 1362 "configure"
#include "confdefs.h"
#include <minix/config.h>
configure:1405: checking for POSIXized ISC
configure:1439: checking for object suffix
configure:1445: gcc -O -c   conftest.c 1>&5
configure:1463: checking for Cygwin environment
configure:1479: gcc -O -c   conftest.c 1>&5
configure: In function 'main':
configure:1473:20: error: '__CYGWIN32__' undeclared (first use in this function)
 1473 | #define __CYGWIN__ __CYGWIN32__
      |                    ^~~~~~~~~~~~
configure:1475:8: note: in expansion of macro '__CYGWIN__'
 1475 | return __CYGWIN__;
      |        ^~~~~~~~~~
configure:1473:20: note: each undeclared identifier is reported only once for each function it appears in
 1473 | #define __CYGWIN__ __CYGWIN32__
      |                    ^~~~~~~~~~~~
configure:1475:8: note: in expansion of macro '__CYGWIN__'
 1475 | return __CYGWIN__;
      |        ^~~~~~~~~~
configure: failed program was:
#line 1468 "configure"
#include "confdefs.h"

int main() {

#ifndef __CYGWIN__
#define __CYGWIN__ __CYGWIN32__
#endif
return __CYGWIN__;
; return 0; }
configure:1495: checking for mingw32 environment
configure:1507: gcc -O -c   conftest.c 1>&5
configure: In function 'main':
configure:1503:8: error: '__MINGW32__' undeclared (first use in this function)
 1503 | return __MINGW32__;
      |        ^~~~~~~~~~~
configure:1503:8: note: each undeclared identifier is reported only once for each function it appears in
configure: failed program was:
#line 1500 "configure"
#include "confdefs.h"

int main() {
return __MINGW32__;
; return 0; }
configure:1525: checking for executable suffix
configure:1535: gcc -O -o conftest    conftest.c  1>&5
configure:1628: checking build system type
configure:1657: checking for ld used by GCC
configure:1725: checking if the linker (/usr/bin/ld) is GNU ld
GNU ld (GNU Binutils for Ubuntu) 2.38
configure:1741: checking for /usr/bin/ld option to reload object files
configure:1752: checking for BSD-compatible nm
configure:1790: checking how to recognise dependant libraries
configure:1972: checking command to parse /usr/bin/nm -B output
configure:2048: gcc -O -c   conftest.c 1>&5
configure:2051: /usr/bin/nm -B conftest.o | sed -n -e 's/^.*[ ]\([ABCDGISTW][ABCDGISTW]*\)[ ][ ]*\(\)\([_A-Za-z][_A-Za-z0-9]*\)$/\1 \2\3 \3/p' > conftest.nm
configure:2102: gcc -O -o conftest    conftest.c conftstm.o 1>&5
configure:2148: checking for dlfcn.h
configure:2158: gcc -O -E -w  conftest.c >/dev/null 2>conftest.out
configure:2193: checking for file
configure:2326: checking for ranlib
configure:2393: checking for strip
configure:2630: checking for objdir
configure:2661: checking for gcc option to produce PIC
configure:2813: checking if gcc PIC flag -fPIC works
configure:2827: gcc -O -c  -fPIC -DPIC  conftest.c 1>&5
configure:2883: checking if gcc static flag -static works
configure:2898: gcc -O -o conftest    -static conftest.c  1>&5
configure:2929: checking if gcc supports -c -o file.o
configure:2948: gcc -O -c  -o out/conftest2.o  conftest.c 1>&5
configure:2977: checking if gcc supports -c -o file.lo
configure:2993: gcc -O -c  -c -o conftest.lo  conftest.c 1>&5
configure:3050: checking if gcc supports -fno-rtti -fno-exceptions
configure:3063: gcc -O -c  -fno-rtti -fno-exceptions -c conftest.c  conftest.c 1>&5
cc1: warning: command-line option '-fno-rtti' is valid for C++/D/ObjC++ but not for C
cc1: warning: command-line option '-fno-rtti' is valid for C++/D/ObjC++ but not for C
configure:3094: checking whether the linker (/usr/bin/ld) supports shared libraries
configure:3714: checking how to hardcode library paths into programs
configure:3746: checking whether stripping libraries is possible
configure:3764: checking dynamic linker characteristics
configure:4154: checking if libtool supports shared libraries
configure:4664: checking whether -lc should be explicitly linked in
configure:4671: gcc -O -c   conftest.c 1>&5
configure:4684: gcc -O -shared conftest.o  -v -Wl,-soname -Wl,conftest -o conftest 2>&1 | grep  -lc  >/dev/null 2>&1
configure:5273: checking for locale.h
configure:5283: gcc -O -E -w  conftest.c >/dev/null 2>conftest.out
configure:5316: checking for stdlib.h
configure:5326: gcc -O -E -w  conftest.c >/dev/null 2>conftest.out
configure:5354: checking for mbstate_t
configure:5370: gcc -O -c   conftest.c 1>&5
configure:5391: checking for iconv
configure:5407: gcc -O -o conftest    conftest.c  1>&5
configure:5447: checking for iconv declaration
configure:5478: gcc -O -c   conftest.c 1>&5
configure:5518: checking for mbrtowc
configure:5549: gcc -O -o conftest    conftest.c  1>&5
configure:5518: checking for wcrtomb
configure:5549: gcc -O -o conftest    conftest.c  1>&5
configure:5518: checking for setlocale
configure:5549: gcc -O -o conftest    conftest.c  1>&5
configure:5575: checking byte ordering
configure:5601: gcc -O -o conftest    conftest.c  1>&5
configure: In function 'main':
configure:5597:3: warning: implicit declaration of function 'exit' [-Wimplicit-function-declaration]
 5597 |   exit (u.c[0] == 1);
      |   ^~~~
configure:5586:1: note: include '<stdlib.h>' or provide a declaration of 'exit'
 5585 | #include "confdefs.h"
  +++ |+#include <stdlib.h>
 5586 | #ifdef __cplusplus
configure:5597:3: warning: incompatible implicit declaration of built-in function 'exit' [-Wbuiltin-declaration-mismatch]
 5597 |   exit (u.c[0] == 1);
      |   ^~~~
configure:5597:3: note: include '<stdlib.h>' or provide a declaration of 'exit'
configure: failed program was:
#line 5585 "configure"
#include "confdefs.h"
#ifdef __cplusplus
extern "C" void exit(int);
#endif
int main () {
  /* Are we little or big endian?  From Harbison&Steele.  */
  union
  {
    long l;
    char c[sizeof (long)];
  } u;
  u.l = 1;
  exit (u.c[0] == 1);
}
